<?xml version="1.0" encoding="UTF-8"?>
<!-- Generated by org.testng.reporters.JUnitReportReporter -->
<testsuite hostname="Stepa-PC" name="core.DBTest" tests="25" failures="0" timestamp="23 Dec 2016 21:05:29 GMT" time="80.019" errors="0">
  <testcase name="titleValidation" time="0.942" classname="core.DBTest"/>
  <testcase name="titleValidation" time="0.145" classname="core.DBTest"/>
  <testcase name="titleValidation" time="7.016" classname="core.DBTest"/>
  <testcase name="titleValidation" time="8.504" classname="core.DBTest"/>
  <testcase name="titleValidation" time="0.359" classname="core.DBTest"/>
  <testcase name="titleValidation" time="0.368" classname="core.DBTest"/>
  <testcase name="titleValidation" time="6.917" classname="core.DBTest"/>
  <testcase name="titleValidation" time="4.870" classname="core.DBTest"/>
  <testcase name="titleValidation" time="0.360" classname="core.DBTest"/>
  <testcase name="titleValidation" time="0.331" classname="core.DBTest"/>
  <testcase name="titleValidation" time="2.089" classname="core.DBTest"/>
  <testcase name="titleValidation" time="0.423" classname="core.DBTest"/>
  <testcase name="titleValidation" time="11.137" classname="core.DBTest"/>
  <testcase name="titleValidation" time="0.872" classname="core.DBTest"/>
  <testcase name="titleValidation" time="1.997" classname="core.DBTest"/>
  <testcase name="titleValidation" time="0.536" classname="core.DBTest"/>
  <testcase name="titleValidation" time="1.505" classname="core.DBTest"/>
  <testcase name="titleValidation" time="5.129" classname="core.DBTest"/>
  <testcase name="titleValidation" time="6.438" classname="core.DBTest"/>
  <testcase name="titleValidation" time="1.263" classname="core.DBTest"/>
  <testcase name="titleValidation" time="7.125" classname="core.DBTest"/>
  <testcase name="titleValidation" time="5.527" classname="core.DBTest"/>
  <testcase name="titleValidation" time="0.792" classname="core.DBTest"/>
  <testcase name="titleValidation" time="2.690" classname="core.DBTest"/>
  <testcase name="titleValidation" time="2.684" classname="core.DBTest"/>
</testsuite> <!-- core.DBTest -->
